This is pdfTeX, Version 3.1415926-2.5-1.40.14 (TeX Live 2013/Debian) (format=pdflatex 2014.8.10)  20 APR 2015 08:31
entering extended mode
 restricted \write18 enabled.
 %&-line parsing enabled.
**chap2.tex
(./chap2.tex
LaTeX2e <2011/06/27>
Babel <3.9h> and hyphenation patterns for 78 languages loaded.
(/usr/share/texlive/texmf-dist/tex/latex/base/article.cls
Document Class: article 2007/10/19 v1.4h Standard LaTeX document class
(/usr/share/texlive/texmf-dist/tex/latex/base/size12.clo
File: size12.clo 2007/10/19 v1.4h Standard LaTeX file (size option)
)
\c@part=\count79
\c@section=\count80
\c@subsection=\count81
\c@subsubsection=\count82
\c@paragraph=\count83
\c@subparagraph=\count84
\c@figure=\count85
\c@table=\count86
\abovecaptionskip=\skip41
\belowcaptionskip=\skip42
\bibindent=\dimen102
)
(/usr/share/texlive/texmf-dist/tex/latex/base/inputenc.sty
Package: inputenc 2008/03/30 v1.1d Input encoding file
\inpenc@prehook=\toks14
\inpenc@posthook=\toks15

(/usr/share/texlive/texmf-dist/tex/latex/base/utf8.def
File: utf8.def 2008/04/05 v1.1m UTF-8 support for inputenc
Now handling font encoding OML ...
... no UTF-8 mapping file for font encoding OML
Now handling font encoding T1 ...
... processing UTF-8 mapping file for font encoding T1

(/usr/share/texlive/texmf-dist/tex/latex/base/t1enc.dfu
File: t1enc.dfu 2008/04/05 v1.1m UTF-8 support for inputenc
   defining Unicode char U+00A1 (decimal 161)
   defining Unicode char U+00A3 (decimal 163)
   defining Unicode char U+00AB (decimal 171)
   defining Unicode char U+00BB (decimal 187)
   defining Unicode char U+00BF (decimal 191)
   defining Unicode char U+00C0 (decimal 192)
   defining Unicode char U+00C1 (decimal 193)
   defining Unicode char U+00C2 (decimal 194)
   defining Unicode char U+00C3 (decimal 195)
   defining Unicode char U+00C4 (decimal 196)
   defining Unicode char U+00C5 (decimal 197)
   defining Unicode char U+00C6 (decimal 198)
   defining Unicode char U+00C7 (decimal 199)
   defining Unicode char U+00C8 (decimal 200)
   defining Unicode char U+00C9 (decimal 201)
   defining Unicode char U+00CA (decimal 202)
   defining Unicode char U+00CB (decimal 203)
   defining Unicode char U+00CC (decimal 204)
   defining Unicode char U+00CD (decimal 205)
   defining Unicode char U+00CE (decimal 206)
   defining Unicode char U+00CF (decimal 207)
   defining Unicode char U+00D0 (decimal 208)
   defining Unicode char U+00D1 (decimal 209)
   defining Unicode char U+00D2 (decimal 210)
   defining Unicode char U+00D3 (decimal 211)
   defining Unicode char U+00D4 (decimal 212)
   defining Unicode char U+00D5 (decimal 213)
   defining Unicode char U+00D6 (decimal 214)
   defining Unicode char U+00D8 (decimal 216)
   defining Unicode char U+00D9 (decimal 217)
   defining Unicode char U+00DA (decimal 218)
   defining Unicode char U+00DB (decimal 219)
   defining Unicode char U+00DC (decimal 220)
   defining Unicode char U+00DD (decimal 221)
   defining Unicode char U+00DE (decimal 222)
   defining Unicode char U+00DF (decimal 223)
   defining Unicode char U+00E0 (decimal 224)
   defining Unicode char U+00E1 (decimal 225)
   defining Unicode char U+00E2 (decimal 226)
   defining Unicode char U+00E3 (decimal 227)
   defining Unicode char U+00E4 (decimal 228)
   defining Unicode char U+00E5 (decimal 229)
   defining Unicode char U+00E6 (decimal 230)
   defining Unicode char U+00E7 (decimal 231)
   defining Unicode char U+00E8 (decimal 232)
   defining Unicode char U+00E9 (decimal 233)
   defining Unicode char U+00EA (decimal 234)
   defining Unicode char U+00EB (decimal 235)
   defining Unicode char U+00EC (decimal 236)
   defining Unicode char U+00ED (decimal 237)
   defining Unicode char U+00EE (decimal 238)
   defining Unicode char U+00EF (decimal 239)
   defining Unicode char U+00F0 (decimal 240)
   defining Unicode char U+00F1 (decimal 241)
   defining Unicode char U+00F2 (decimal 242)
   defining Unicode char U+00F3 (decimal 243)
   defining Unicode char U+00F4 (decimal 244)
   defining Unicode char U+00F5 (decimal 245)
   defining Unicode char U+00F6 (decimal 246)
   defining Unicode char U+00F8 (decimal 248)
   defining Unicode char U+00F9 (decimal 249)
   defining Unicode char U+00FA (decimal 250)
   defining Unicode char U+00FB (decimal 251)
   defining Unicode char U+00FC (decimal 252)
   defining Unicode char U+00FD (decimal 253)
   defining Unicode char U+00FE (decimal 254)
   defining Unicode char U+00FF (decimal 255)
   defining Unicode char U+0102 (decimal 258)
   defining Unicode char U+0103 (decimal 259)
   defining Unicode char U+0104 (decimal 260)
   defining Unicode char U+0105 (decimal 261)
   defining Unicode char U+0106 (decimal 262)
   defining Unicode char U+0107 (decimal 263)
   defining Unicode char U+010C (decimal 268)
   defining Unicode char U+010D (decimal 269)
   defining Unicode char U+010E (decimal 270)
   defining Unicode char U+010F (decimal 271)
   defining Unicode char U+0110 (decimal 272)
   defining Unicode char U+0111 (decimal 273)
   defining Unicode char U+0118 (decimal 280)
   defining Unicode char U+0119 (decimal 281)
   defining Unicode char U+011A (decimal 282)
   defining Unicode char U+011B (decimal 283)
   defining Unicode char U+011E (decimal 286)
   defining Unicode char U+011F (decimal 287)
   defining Unicode char U+0130 (decimal 304)
   defining Unicode char U+0131 (decimal 305)
   defining Unicode char U+0132 (decimal 306)
   defining Unicode char U+0133 (decimal 307)
   defining Unicode char U+0139 (decimal 313)
   defining Unicode char U+013A (decimal 314)
   defining Unicode char U+013D (decimal 317)
   defining Unicode char U+013E (decimal 318)
   defining Unicode char U+0141 (decimal 321)
   defining Unicode char U+0142 (decimal 322)
   defining Unicode char U+0143 (decimal 323)
   defining Unicode char U+0144 (decimal 324)
   defining Unicode char U+0147 (decimal 327)
   defining Unicode char U+0148 (decimal 328)
   defining Unicode char U+014A (decimal 330)
   defining Unicode char U+014B (decimal 331)
   defining Unicode char U+0150 (decimal 336)
   defining Unicode char U+0151 (decimal 337)
   defining Unicode char U+0152 (decimal 338)
   defining Unicode char U+0153 (decimal 339)
   defining Unicode char U+0154 (decimal 340)
   defining Unicode char U+0155 (decimal 341)
   defining Unicode char U+0158 (decimal 344)
   defining Unicode char U+0159 (decimal 345)
   defining Unicode char U+015A (decimal 346)
   defining Unicode char U+015B (decimal 347)
   defining Unicode char U+015E (decimal 350)
   defining Unicode char U+015F (decimal 351)
   defining Unicode char U+0160 (decimal 352)
   defining Unicode char U+0161 (decimal 353)
   defining Unicode char U+0162 (decimal 354)
   defining Unicode char U+0163 (decimal 355)
   defining Unicode char U+0164 (decimal 356)
   defining Unicode char U+0165 (decimal 357)
   defining Unicode char U+016E (decimal 366)
   defining Unicode char U+016F (decimal 367)
   defining Unicode char U+0170 (decimal 368)
   defining Unicode char U+0171 (decimal 369)
   defining Unicode char U+0178 (decimal 376)
   defining Unicode char U+0179 (decimal 377)
   defining Unicode char U+017A (decimal 378)
   defining Unicode char U+017B (decimal 379)
   defining Unicode char U+017C (decimal 380)
   defining Unicode char U+017D (decimal 381)
   defining Unicode char U+017E (decimal 382)
   defining Unicode char U+200C (decimal 8204)
   defining Unicode char U+2013 (decimal 8211)
   defining Unicode char U+2014 (decimal 8212)
   defining Unicode char U+2018 (decimal 8216)
   defining Unicode char U+2019 (decimal 8217)
   defining Unicode char U+201A (decimal 8218)
   defining Unicode char U+201C (decimal 8220)
   defining Unicode char U+201D (decimal 8221)
   defining Unicode char U+201E (decimal 8222)
   defining Unicode char U+2030 (decimal 8240)
   defining Unicode char U+2031 (decimal 8241)
   defining Unicode char U+2039 (decimal 8249)
   defining Unicode char U+203A (decimal 8250)
   defining Unicode char U+2423 (decimal 9251)
)
Now handling font encoding OT1 ...
... processing UTF-8 mapping file for font encoding OT1

(/usr/share/texlive/texmf-dist/tex/latex/base/ot1enc.dfu
File: ot1enc.dfu 2008/04/05 v1.1m UTF-8 support for inputenc
   defining Unicode char U+00A1 (decimal 161)
   defining Unicode char U+00A3 (decimal 163)
   defining Unicode char U+00B8 (decimal 184)
   defining Unicode char U+00BF (decimal 191)
   defining Unicode char U+00C5 (decimal 197)
   defining Unicode char U+00C6 (decimal 198)
   defining Unicode char U+00D8 (decimal 216)
   defining Unicode char U+00DF (decimal 223)
   defining Unicode char U+00E6 (decimal 230)
   defining Unicode char U+00EC (decimal 236)
   defining Unicode char U+00ED (decimal 237)
   defining Unicode char U+00EE (decimal 238)
   defining Unicode char U+00EF (decimal 239)
   defining Unicode char U+00F8 (decimal 248)
   defining Unicode char U+0131 (decimal 305)
   defining Unicode char U+0141 (decimal 321)
   defining Unicode char U+0142 (decimal 322)
   defining Unicode char U+0152 (decimal 338)
   defining Unicode char U+0153 (decimal 339)
   defining Unicode char U+2013 (decimal 8211)
   defining Unicode char U+2014 (decimal 8212)
   defining Unicode char U+2018 (decimal 8216)
   defining Unicode char U+2019 (decimal 8217)
   defining Unicode char U+201C (decimal 8220)
   defining Unicode char U+201D (decimal 8221)
)
Now handling font encoding OMS ...
... processing UTF-8 mapping file for font encoding OMS

(/usr/share/texlive/texmf-dist/tex/latex/base/omsenc.dfu
File: omsenc.dfu 2008/04/05 v1.1m UTF-8 support for inputenc
   defining Unicode char U+00A7 (decimal 167)
   defining Unicode char U+00B6 (decimal 182)
   defining Unicode char U+00B7 (decimal 183)
   defining Unicode char U+2020 (decimal 8224)
   defining Unicode char U+2021 (decimal 8225)
   defining Unicode char U+2022 (decimal 8226)
)
Now handling font encoding OMX ...
... no UTF-8 mapping file for font encoding OMX
Now handling font encoding U ...
... no UTF-8 mapping file for font encoding U
   defining Unicode char U+00A9 (decimal 169)
   defining Unicode char U+00AA (decimal 170)
   defining Unicode char U+00AE (decimal 174)
   defining Unicode char U+00BA (decimal 186)
   defining Unicode char U+02C6 (decimal 710)
   defining Unicode char U+02DC (decimal 732)
   defining Unicode char U+200C (decimal 8204)
   defining Unicode char U+2026 (decimal 8230)
   defining Unicode char U+2122 (decimal 8482)
   defining Unicode char U+2423 (decimal 9251)
))
(/usr/share/texlive/texmf-dist/tex/generic/babel/babel.sty
Package: babel 2013/12/03 3.9h The Babel package

(/usr/share/texlive/texmf-dist/tex/generic/babel-vietnamese/vietnam.ldf
Language: vietnam 2013/04/16 v1.3 Vietnamese support from the babel system

(/usr/share/texlive/texmf-dist/tex/generic/babel/babel.def
File: babel.def 2013/12/03 3.9h Babel common definitions
\babel@savecnt=\count87
\U@D=\dimen103
)
\l@vietnam = a dialect from \language0

Loading definitions for the Vietnamese font encoding
(/usr/share/texlive/texmf-dist/tex/latex/vntex/t5enc.def
File: t5enc.def 2006/11/21 v1.4 Vietnamese T5 encoding
Now handling font encoding T5 ...
... processing UTF-8 mapping file for font encoding T5

(/usr/share/texlive/texmf-dist/tex/latex/vntex/t5enc.dfu
File: t5enc.dfu 2006/08/19 v1.1 UTF8 support for Vietnamese
   defining Unicode char U+00AB (decimal 171)
   defining Unicode char U+00BB (decimal 187)
   defining Unicode char U+00C0 (decimal 192)
   defining Unicode char U+00C1 (decimal 193)
   defining Unicode char U+00C2 (decimal 194)
   defining Unicode char U+00C3 (decimal 195)
   defining Unicode char U+00C8 (decimal 200)
   defining Unicode char U+00C9 (decimal 201)
   defining Unicode char U+00CA (decimal 202)
   defining Unicode char U+00CC (decimal 204)
   defining Unicode char U+00CD (decimal 205)
   defining Unicode char U+00D2 (decimal 210)
   defining Unicode char U+00D3 (decimal 211)
   defining Unicode char U+00D4 (decimal 212)
   defining Unicode char U+00D5 (decimal 213)
   defining Unicode char U+00D9 (decimal 217)
   defining Unicode char U+00DA (decimal 218)
   defining Unicode char U+00DD (decimal 221)
   defining Unicode char U+00E0 (decimal 224)
   defining Unicode char U+00E1 (decimal 225)
   defining Unicode char U+00E2 (decimal 226)
   defining Unicode char U+00E3 (decimal 227)
   defining Unicode char U+00E8 (decimal 232)
   defining Unicode char U+00E9 (decimal 233)
   defining Unicode char U+00EA (decimal 234)
   defining Unicode char U+00EC (decimal 236)
   defining Unicode char U+00ED (decimal 237)
   defining Unicode char U+00F2 (decimal 242)
   defining Unicode char U+00F3 (decimal 243)
   defining Unicode char U+00F4 (decimal 244)
   defining Unicode char U+00F5 (decimal 245)
   defining Unicode char U+00F9 (decimal 249)
   defining Unicode char U+00FA (decimal 250)
   defining Unicode char U+00FD (decimal 253)
   defining Unicode char U+0102 (decimal 258)
   defining Unicode char U+0103 (decimal 259)
   defining Unicode char U+0110 (decimal 272)
   defining Unicode char U+0111 (decimal 273)
   defining Unicode char U+0128 (decimal 296)
   defining Unicode char U+0129 (decimal 297)
   defining Unicode char U+0131 (decimal 305)
   defining Unicode char U+0168 (decimal 360)
   defining Unicode char U+0169 (decimal 361)
   defining Unicode char U+01A0 (decimal 416)
   defining Unicode char U+01A1 (decimal 417)
   defining Unicode char U+01AF (decimal 431)
   defining Unicode char U+01B0 (decimal 432)
   defining Unicode char U+1EA0 (decimal 7840)
   defining Unicode char U+1EA1 (decimal 7841)
   defining Unicode char U+1EA2 (decimal 7842)
   defining Unicode char U+1EA3 (decimal 7843)
   defining Unicode char U+1EA4 (decimal 7844)
   defining Unicode char U+1EA5 (decimal 7845)
   defining Unicode char U+1EA6 (decimal 7846)
   defining Unicode char U+1EA7 (decimal 7847)
   defining Unicode char U+1EA8 (decimal 7848)
   defining Unicode char U+1EA9 (decimal 7849)
   defining Unicode char U+1EAA (decimal 7850)
   defining Unicode char U+1EAB (decimal 7851)
   defining Unicode char U+1EAC (decimal 7852)
   defining Unicode char U+1EAD (decimal 7853)
   defining Unicode char U+1EAE (decimal 7854)
   defining Unicode char U+1EAF (decimal 7855)
   defining Unicode char U+1EB0 (decimal 7856)
   defining Unicode char U+1EB1 (decimal 7857)
   defining Unicode char U+1EB2 (decimal 7858)
   defining Unicode char U+1EB3 (decimal 7859)
   defining Unicode char U+1EB4 (decimal 7860)
   defining Unicode char U+1EB5 (decimal 7861)
   defining Unicode char U+1EB6 (decimal 7862)
   defining Unicode char U+1EB7 (decimal 7863)
   defining Unicode char U+1EB8 (decimal 7864)
   defining Unicode char U+1EB9 (decimal 7865)
   defining Unicode char U+1EBA (decimal 7866)
   defining Unicode char U+1EBB (decimal 7867)
   defining Unicode char U+1EBC (decimal 7868)
   defining Unicode char U+1EBD (decimal 7869)
   defining Unicode char U+1EBE (decimal 7870)
   defining Unicode char U+1EBF (decimal 7871)
   defining Unicode char U+1EC0 (decimal 7872)
   defining Unicode char U+1EC1 (decimal 7873)
   defining Unicode char U+1EC2 (decimal 7874)
   defining Unicode char U+1EC3 (decimal 7875)
   defining Unicode char U+1EC4 (decimal 7876)
   defining Unicode char U+1EC5 (decimal 7877)
   defining Unicode char U+1EC6 (decimal 7878)
   defining Unicode char U+1EC7 (decimal 7879)
   defining Unicode char U+1EC8 (decimal 7880)
   defining Unicode char U+1EC9 (decimal 7881)
   defining Unicode char U+1ECA (decimal 7882)
   defining Unicode char U+1ECB (decimal 7883)
   defining Unicode char U+1ECC (decimal 7884)
   defining Unicode char U+1ECD (decimal 7885)
   defining Unicode char U+1ECE (decimal 7886)
   defining Unicode char U+1ECF (decimal 7887)
   defining Unicode char U+1ED0 (decimal 7888)
   defining Unicode char U+1ED1 (decimal 7889)
   defining Unicode char U+1ED2 (decimal 7890)
   defining Unicode char U+1ED3 (decimal 7891)
   defining Unicode char U+1ED4 (decimal 7892)
   defining Unicode char U+1ED5 (decimal 7893)
   defining Unicode char U+1ED6 (decimal 7894)
   defining Unicode char U+1ED7 (decimal 7895)
   defining Unicode char U+1ED8 (decimal 7896)
   defining Unicode char U+1ED9 (decimal 7897)
   defining Unicode char U+1EDA (decimal 7898)
   defining Unicode char U+1EDB (decimal 7899)
   defining Unicode char U+1EDC (decimal 7900)
   defining Unicode char U+1EDD (decimal 7901)
   defining Unicode char U+1EDE (decimal 7902)
   defining Unicode char U+1EDF (decimal 7903)
   defining Unicode char U+1EE0 (decimal 7904)
   defining Unicode char U+1EE1 (decimal 7905)
   defining Unicode char U+1EE2 (decimal 7906)
   defining Unicode char U+1EE3 (decimal 7907)
   defining Unicode char U+1EE4 (decimal 7908)
   defining Unicode char U+1EE5 (decimal 7909)
   defining Unicode char U+1EE6 (decimal 7910)
   defining Unicode char U+1EE7 (decimal 7911)
   defining Unicode char U+1EE8 (decimal 7912)
   defining Unicode char U+1EE9 (decimal 7913)
   defining Unicode char U+1EEA (decimal 7914)
   defining Unicode char U+1EEB (decimal 7915)
   defining Unicode char U+1EEC (decimal 7916)
   defining Unicode char U+1EED (decimal 7917)
   defining Unicode char U+1EEE (decimal 7918)
   defining Unicode char U+1EEF (decimal 7919)
   defining Unicode char U+1EF0 (decimal 7920)
   defining Unicode char U+1EF1 (decimal 7921)
   defining Unicode char U+1EF2 (decimal 7922)
   defining Unicode char U+1EF3 (decimal 7923)
   defining Unicode char U+1EF4 (decimal 7924)
   defining Unicode char U+1EF5 (decimal 7925)
   defining Unicode char U+1EF6 (decimal 7926)
   defining Unicode char U+1EF7 (decimal 7927)
   defining Unicode char U+1EF8 (decimal 7928)
   defining Unicode char U+1EF9 (decimal 7929)
   defining Unicode char U+200C (decimal 8204)
   defining Unicode char U+2013 (decimal 8211)
   defining Unicode char U+2014 (decimal 8212)
   defining Unicode char U+2018 (decimal 8216)
   defining Unicode char U+2019 (decimal 8217)
   defining Unicode char U+201A (decimal 8218)
   defining Unicode char U+201C (decimal 8220)
   defining Unicode char U+201D (decimal 8221)
   defining Unicode char U+201E (decimal 8222)
   defining Unicode char U+2030 (decimal 8240)
   defining Unicode char U+2031 (decimal 8241)
   defining Unicode char U+2039 (decimal 8249)
   defining Unicode char U+203A (decimal 8250)
   defining Unicode char U+2423 (decimal 9251)
))
(/usr/share/texlive/texmf-dist/tex/latex/vntex/vncaps.tex
File: vncaps.tex 2006/06/07 v1.1 Captions in Vietnamese
)))
(/usr/share/texlive/texmf-dist/tex/latex/amsmath/amsmath.sty
Package: amsmath 2013/01/14 v2.14 AMS math features
\@mathmargin=\skip43

For additional information on amsmath, use the `?' option.
(/usr/share/texlive/texmf-dist/tex/latex/amsmath/amstext.sty
Package: amstext 2000/06/29 v2.01

(/usr/share/texlive/texmf-dist/tex/latex/amsmath/amsgen.sty
File: amsgen.sty 1999/11/30 v2.0
\@emptytoks=\toks16
\ex@=\dimen104
))
(/usr/share/texlive/texmf-dist/tex/latex/amsmath/amsbsy.sty
Package: amsbsy 1999/11/29 v1.2d
\pmbraise@=\dimen105
)
(/usr/share/texlive/texmf-dist/tex/latex/amsmath/amsopn.sty
Package: amsopn 1999/12/14 v2.01 operator names
)
\inf@bad=\count88
LaTeX Info: Redefining \frac on input line 210.
\uproot@=\count89
\leftroot@=\count90
LaTeX Info: Redefining \overline on input line 306.
\classnum@=\count91
\DOTSCASE@=\count92
LaTeX Info: Redefining \ldots on input line 378.
LaTeX Info: Redefining \dots on input line 381.
LaTeX Info: Redefining \cdots on input line 466.
\Mathstrutbox@=\box26
\strutbox@=\box27
\big@size=\dimen106
LaTeX Font Info:    Redeclaring font encoding OML on input line 566.
LaTeX Font Info:    Redeclaring font encoding OMS on input line 567.
\macc@depth=\count93
\c@MaxMatrixCols=\count94
\dotsspace@=\muskip10
\c@parentequation=\count95
\dspbrk@lvl=\count96
\tag@help=\toks17
\row@=\count97
\column@=\count98
\maxfields@=\count99
\andhelp@=\toks18
\eqnshift@=\dimen107
\alignsep@=\dimen108
\tagshift@=\dimen109
\tagwidth@=\dimen110
\totwidth@=\dimen111
\lineht@=\dimen112
\@envbody=\toks19
\multlinegap=\skip44
\multlinetaggap=\skip45
\mathdisplay@stack=\toks20
LaTeX Info: Redefining \[ on input line 2665.
LaTeX Info: Redefining \] on input line 2666.
)
(/usr/share/texlive/texmf-dist/tex/latex/amsfonts/amsfonts.sty
Package: amsfonts 2013/01/14 v3.01 Basic AMSFonts support
\symAMSa=\mathgroup4
\symAMSb=\mathgroup5
LaTeX Font Info:    Overwriting math alphabet `\mathfrak' in version `bold'
(Font)                  U/euf/m/n --> U/euf/b/n on input line 106.
)
(/usr/share/texlive/texmf-dist/tex/latex/amsfonts/amssymb.sty
Package: amssymb 2013/01/14 v3.01 AMS font symbols
)
(/usr/share/texlive/texmf-dist/tex/latex/graphics/color.sty
Package: color 2005/11/14 v1.0j Standard LaTeX Color (DPC)

(/usr/share/texlive/texmf-dist/tex/latex/latexconfig/color.cfg
File: color.cfg 2007/01/18 v1.5 color configuration of teTeX/TeXLive
)
Package color Info: Driver file: pdftex.def on input line 130.

(/usr/share/texlive/texmf-dist/tex/latex/pdftex-def/pdftex.def
File: pdftex.def 2011/05/27 v0.06d Graphics/color for pdfTeX

(/usr/share/texlive/texmf-dist/tex/generic/oberdiek/infwarerr.sty
Package: infwarerr 2010/04/08 v1.3 Providing info/warning/error messages (HO)
)
(/usr/share/texlive/texmf-dist/tex/generic/oberdiek/ltxcmds.sty
Package: ltxcmds 2011/11/09 v1.22 LaTeX kernel commands for general use (HO)
)
\Gread@gobject=\count100
))
(/usr/share/texlive/texmf-dist/tex/latex/graphics/graphicx.sty
Package: graphicx 1999/02/16 v1.0f Enhanced LaTeX Graphics (DPC,SPQR)

(/usr/share/texlive/texmf-dist/tex/latex/graphics/keyval.sty
Package: keyval 1999/03/16 v1.13 key=value parser (DPC)
\KV@toks@=\toks21
)
(/usr/share/texlive/texmf-dist/tex/latex/graphics/graphics.sty
Package: graphics 2009/02/05 v1.0o Standard LaTeX Graphics (DPC,SPQR)

(/usr/share/texlive/texmf-dist/tex/latex/graphics/trig.sty
Package: trig 1999/03/16 v1.09 sin cos tan (DPC)
)
(/usr/share/texlive/texmf-dist/tex/latex/latexconfig/graphics.cfg
File: graphics.cfg 2010/04/23 v1.9 graphics configuration of TeX Live
)
Package graphics Info: Driver file: pdftex.def on input line 91.
)
\Gin@req@height=\dimen113
\Gin@req@width=\dimen114
)
(/usr/share/texlive/texmf-dist/tex/latex/fancybox/fancybox.sty
Package: fancybox 2010/05/15 1.4

Style option: `fancybox' v1.4 <2010/05/15> (tvz)
\@fancybox=\box28
\shadowsize=\dimen115
\@Sbox=\box29
\do@VerbBox=\toks22
\the@fancyput=\toks23
\this@fancyput=\toks24
\EndVerbatimTokens=\toks25
\Verbatim@Outfile=\write3
\Verbatim@Infile=\read1
) (/home/dang/texmf/tex/generic/sagetex/sagetex.sty
Package: sagetex 2012/01/16 v2.3.3-69dcb0eb93de embedding Sage into LaTeX docum
ents

(/usr/share/texlive/texmf-dist/tex/latex/tools/verbatim.sty
Package: verbatim 2003/08/22 v1.5q LaTeX2e package for verbatim enhancements
\every@verbatim=\toks26
\verbatim@line=\toks27
\verbatim@in@stream=\read2
)
(/usr/share/texlive/texmf-dist/tex/latex/fancyvrb/fancyvrb.sty
Package: fancyvrb 2008/02/07

Style option: `fancyvrb' v2.7a, with DG/SPQR fixes, and firstline=lastline fix 
<2008/02/07> (tvz)
\FV@CodeLineNo=\count101
\FV@InFile=\read3
\FV@TabBox=\box30
\c@FancyVerbLine=\count102
\FV@StepNumber=\count103
\FV@OutFile=\write4
)
(/usr/share/texlive/texmf-dist/tex/latex/listings/listings.sty
\lst@mode=\count104
\lst@gtempboxa=\box31
\lst@token=\toks28
\lst@length=\count105
\lst@currlwidth=\dimen116
\lst@column=\count106
\lst@pos=\count107
\lst@lostspace=\dimen117
\lst@width=\dimen118
\lst@newlines=\count108
\lst@lineno=\count109
\lst@maxwidth=\dimen119

(/usr/share/texlive/texmf-dist/tex/latex/listings/lstmisc.sty
File: lstmisc.sty 2013/08/26 1.5b (Carsten Heinz)
\c@lstnumber=\count110
\lst@skipnumbers=\count111
\lst@framebox=\box32
)
(/usr/share/texlive/texmf-dist/tex/latex/listings/listings.cfg
File: listings.cfg 2013/08/26 1.5b listings configuration
))
Package: listings 2013/08/26 1.5b (Carsten Heinz)

(/usr/share/texlive/texmf-dist/tex/latex/makecmds/makecmds.sty
Package: makecmds 2009/09/03 v1.0a extra command making commands
)
(/usr/share/texlive/texmf-dist/tex/generic/oberdiek/ifpdf.sty
Package: ifpdf 2011/01/30 v2.3 Provides the ifpdf switch (HO)
Package ifpdf Info: pdfTeX in PDF mode is detected.
)
(/usr/share/texlive/texmf-dist/tex/latex/base/ifthen.sty
Package: ifthen 2001/05/26 v1.1c Standard LaTeX ifthen package (DPC)
)
(/usr/share/texlive/texmf-dist/tex/generic/ifxetex/ifxetex.sty
Package: ifxetex 2010/09/12 v0.6 Provides ifxetex conditional
)
\c@ST@inline=\count112
\c@ST@plot=\count113
\c@ST@cmdline=\count114
\sagetexindent=\skip46

(./chap2.sagetex.sout)
\sagecommandlineskip=\skip47
)
(/usr/share/texlive/texmf-dist/tex/latex/import/import.sty
Package: import 2009/03/23  v 5.1
)
(../styles/slides.tex
\tew=\skip48
\pah=\skip49
\storea=\skip50
\storeb=\skip51
\storec=\skip52
\stored=\skip53
\storee=\skip54
\storef=\skip55
Package color Info: Redefining color lblue on input line 303.
\c@Lem=\count115
\c@Rem=\count116
\c@Def=\count117
\c@Thm=\count118
\c@Exa=\count119
) (./chap2.aux
LaTeX Font Info:    Try loading font information for T5+cmr on input line 2.

(/usr/share/texlive/texmf-dist/tex/latex/vntex/t5cmr.fd
File: t5cmr.fd 1999/05/25 v2.5h Standard LaTeX font definitions
))
\openout1 = `chap2.aux'.

LaTeX Font Info:    Checking defaults for OML/cmm/m/it on input line 28.
LaTeX Font Info:    ... okay on input line 28.
LaTeX Font Info:    Checking defaults for T1/cmr/m/n on input line 28.
LaTeX Font Info:    ... okay on input line 28.
LaTeX Font Info:    Checking defaults for OT1/cmr/m/n on input line 28.
LaTeX Font Info:    ... okay on input line 28.
LaTeX Font Info:    Checking defaults for OMS/cmsy/m/n on input line 28.
LaTeX Font Info:    ... okay on input line 28.
LaTeX Font Info:    Checking defaults for OMX/cmex/m/n on input line 28.
LaTeX Font Info:    ... okay on input line 28.
LaTeX Font Info:    Checking defaults for U/cmr/m/n on input line 28.
LaTeX Font Info:    ... okay on input line 28.
LaTeX Font Info:    Checking defaults for T5/cmr/m/n on input line 28.
LaTeX Font Info:    ... okay on input line 28.
LaTeX Font Info:    Try loading font information for T5+cmss on input line 28.

(/usr/share/texlive/texmf-dist/tex/latex/vntex/t5cmss.fd
File: t5cmss.fd 1999/05/25 v2.5h Standard LaTeX font definitions
)
(/usr/share/texlive/texmf-dist/tex/context/base/supp-pdf.mkii
[Loading MPS to PDF converter (version 2006.09.02).]
\scratchcounter=\count120
\scratchdimen=\dimen120
\scratchbox=\box33
\nofMPsegments=\count121
\nofMParguments=\count122
\everyMPshowfont=\toks29
\MPscratchCnt=\count123
\MPscratchDim=\dimen121
\MPnumerator=\count124
\makeMPintoPDFobject=\count125
\everyMPtoPDFconversion=\toks30
) (/usr/share/texlive/texmf-dist/tex/generic/oberdiek/pdftexcmds.sty
Package: pdftexcmds 2011/11/29 v0.20 Utility functions of pdfTeX for LuaTeX (HO
)

(/usr/share/texlive/texmf-dist/tex/generic/oberdiek/ifluatex.sty
Package: ifluatex 2010/03/01 v1.3 Provides the ifluatex switch (HO)
Package ifluatex Info: LuaTeX not detected.
)
Package pdftexcmds Info: LuaTeX not detected.
Package pdftexcmds Info: \pdf@primitive is available.
Package pdftexcmds Info: \pdf@ifprimitive is available.
Package pdftexcmds Info: \pdfdraftmode found.
)
(/usr/share/texlive/texmf-dist/tex/latex/oberdiek/epstopdf-base.sty
Package: epstopdf-base 2010/02/09 v2.5 Base part for package epstopdf

(/usr/share/texlive/texmf-dist/tex/latex/oberdiek/grfext.sty
Package: grfext 2010/08/19 v1.1 Manage graphics extensions (HO)

(/usr/share/texlive/texmf-dist/tex/generic/oberdiek/kvdefinekeys.sty
Package: kvdefinekeys 2011/04/07 v1.3 Define keys (HO)
))
(/usr/share/texlive/texmf-dist/tex/latex/oberdiek/kvoptions.sty
Package: kvoptions 2011/06/30 v3.11 Key value format for package options (HO)

(/usr/share/texlive/texmf-dist/tex/generic/oberdiek/kvsetkeys.sty
Package: kvsetkeys 2012/04/25 v1.16 Key value parser (HO)

(/usr/share/texlive/texmf-dist/tex/generic/oberdiek/etexcmds.sty
Package: etexcmds 2011/02/16 v1.5 Avoid name clashes with e-TeX commands (HO)
Package etexcmds Info: Could not find \expanded.
(etexcmds)             That can mean that you are not using pdfTeX 1.50 or
(etexcmds)             that some package has redefined \expanded.
(etexcmds)             In the latter case, load this package earlier.
)))
Package grfext Info: Graphics extension search list:
(grfext)             [.png,.pdf,.jpg,.mps,.jpeg,.jbig2,.jb2,.PNG,.PDF,.JPG,.JPE
G,.JBIG2,.JB2,.eps]
(grfext)             \AppendGraphicsExtensions on input line 452.

(/usr/share/texlive/texmf-dist/tex/latex/latexconfig/epstopdf-sys.cfg
File: epstopdf-sys.cfg 2010/07/13 v1.3 Configuration of (r)epstopdf for TeX Liv
e
))
\c@lstlisting=\count126
\ST@sf=\write5
\openout5 = `chap2.sagetex.sage'.

LaTeX Font Info:    Try loading font information for U+msa on input line 44.

(/usr/share/texlive/texmf-dist/tex/latex/amsfonts/umsa.fd
File: umsa.fd 2013/01/14 v3.01 AMS symbols A
)
LaTeX Font Info:    Try loading font information for U+msb on input line 44.

(/usr/share/texlive/texmf-dist/tex/latex/amsfonts/umsb.fd
File: umsb.fd 2013/01/14 v3.01 AMS symbols B
)
<../styles/logo_ctut.png, id=1, 224.33812pt x 222.8325pt>
File: ../styles/logo_ctut.png Graphic file (type png)

<use ../styles/logo_ctut.png>
Package pdftex.def Info: ../styles/logo_ctut.png used on input line 44.
(pdftex.def)             Requested size: 14.22636pt x 14.1276pt.

Overfull \hbox (54.85321pt too wide) in paragraph at lines 44--44
|  [][][][][][]
 []


Overfull \hbox (47.73825pt too wide) in paragraph at lines 44--44
|  $[]$ 
 []


Underfull \hbox (badness 10000) in paragraph at lines 44--44

 []

[1

{/var/lib/texmf/fonts/map/pdftex/updmap/pdftex.map} <../styles/logo_ctut.png>]
File: ../styles/logo_ctut.png Graphic file (type png)
 <use ../styles/logo_ctut.png>
Package pdftex.def Info: ../styles/logo_ctut.png used on input line 59.
(pdftex.def)             Requested size: 14.22636pt x 14.1276pt.

Overfull \hbox (54.85321pt too wide) in paragraph at lines 59--60
|  [][][][][][]
 []


Overfull \hbox (47.73825pt too wide) in paragraph at lines 59--60
|  $[]$ 
 []


Underfull \hbox (badness 10000) in paragraph at lines 59--60

 []

<sage-plots-for-chap2.tex/plot-0.pdf, id=10, 564.75377pt x 422.05681pt>
File: sage-plots-for-chap2.tex/plot-0.pdf Graphic file (type pdf)

<use sage-plots-for-chap2.tex/plot-0.pdf>
Package pdftex.def Info: sage-plots-for-chap2.tex/plot-0.pdf used on input line
 81.
(pdftex.def)             Requested size: 169.42743pt x 126.61801pt.

Overfull \hbox (40.97502pt too wide) in paragraph at lines 69--84
[][] 
 []

[2 <./sage-plots-for-chap2.tex/plot-0.pdf>]
File: ../styles/logo_ctut.png Graphic file (type png)
 <use ../styles/logo_ctut.png>
Package pdftex.def Info: ../styles/logo_ctut.png used on input line 87.
(pdftex.def)             Requested size: 14.22636pt x 14.1276pt.

Overfull \hbox (54.85321pt too wide) in paragraph at lines 87--88
|  [][][][][][]
 []


Overfull \hbox (47.73825pt too wide) in paragraph at lines 87--88
|  $[]$ 
 []


Underfull \hbox (badness 10000) in paragraph at lines 87--88

 []

LaTeX Font Info:    Try loading font information for OMS+cmss on input line 96.

LaTeX Font Info:    No file OMScmss.fd. on input line 96.

LaTeX Font Warning: Font shape `OMS/cmss/m/n' undefined
(Font)              using `OMS/cmsy/m/n' instead
(Font)              for symbol `textbullet' on input line 96.

[3]
File: ../styles/logo_ctut.png Graphic file (type png)
 <use ../styles/logo_ctut.png>
Package pdftex.def Info: ../styles/logo_ctut.png used on input line 98.
(pdftex.def)             Requested size: 14.22636pt x 14.1276pt.

Overfull \hbox (54.85321pt too wide) in paragraph at lines 98--99
|  [][][][][][]
 []


Overfull \hbox (47.73825pt too wide) in paragraph at lines 98--99
|  $[]$ 
 []


Underfull \hbox (badness 10000) in paragraph at lines 98--99

 []

[4]
File: ../styles/logo_ctut.png Graphic file (type png)
 <use ../styles/logo_ctut.png>
Package pdftex.def Info: ../styles/logo_ctut.png used on input line 121.
(pdftex.def)             Requested size: 14.22636pt x 14.1276pt.

Overfull \hbox (54.85321pt too wide) in paragraph at lines 121--122
|  [][][][][][]
 []


Overfull \hbox (47.73825pt too wide) in paragraph at lines 121--122
|  $[]$ 
 []


Underfull \hbox (badness 10000) in paragraph at lines 121--122

 []

<sage-plots-for-chap2.tex/plot-1.pdf, id=42, 564.75377pt x 422.05681pt>
File: sage-plots-for-chap2.tex/plot-1.pdf Graphic file (type pdf)

<use sage-plots-for-chap2.tex/plot-1.pdf>
Package pdftex.def Info: sage-plots-for-chap2.tex/plot-1.pdf used on input line
 129.
(pdftex.def)             Requested size: 197.66678pt x 147.72209pt.
 [5 <./sage-plots-for-chap2.tex/plot-1.pdf>]
File: ../styles/logo_ctut.png Graphic file (type png)
 <use ../styles/logo_ctut.png>
Package pdftex.def Info: ../styles/logo_ctut.png used on input line 131.
(pdftex.def)             Requested size: 14.22636pt x 14.1276pt.

Overfull \hbox (54.85321pt too wide) in paragraph at lines 131--132
|  [][][][][][]
 []


Overfull \hbox (47.73825pt too wide) in paragraph at lines 131--132
|  $[]$ 
 []


Underfull \hbox (badness 10000) in paragraph at lines 131--132

 []


LaTeX Font Warning: Font shape `T5/cmss/m/it' in size <12> not available
(Font)              Font shape `T5/cmss/m/sl' tried instead on input line 133.

<sage-plots-for-chap2.tex/plot-2.pdf, id=60, 566.59679pt x 422.05681pt>
File: sage-plots-for-chap2.tex/plot-2.pdf Graphic file (type pdf)

<use sage-plots-for-chap2.tex/plot-2.pdf>
Package pdftex.def Info: sage-plots-for-chap2.tex/plot-2.pdf used on input line
 158.
(pdftex.def)             Requested size: 141.64885pt x 105.51393pt.

Overfull \hbox (41.0045pt too wide) in paragraph at lines 143--162
[][] 
 []

[6 <./sage-plots-for-chap2.tex/plot-2.pdf>]
File: ../styles/logo_ctut.png Graphic file (type png)
 <use ../styles/logo_ctut.png>
Package pdftex.def Info: ../styles/logo_ctut.png used on input line 163.
(pdftex.def)             Requested size: 14.22636pt x 14.1276pt.

Overfull \hbox (54.85321pt too wide) in paragraph at lines 163--164
|  [][][][][][]
 []


Overfull \hbox (47.73825pt too wide) in paragraph at lines 163--164
|  $[]$ 
 []


Underfull \hbox (badness 10000) in paragraph at lines 163--164

 []

<Lagrange.pdf, id=75, 573.14125pt x 509.905pt>
File: Lagrange.pdf Graphic file (type pdf)
 <use Lagrange.pdf>
Package pdftex.def Info: Lagrange.pdf used on input line 181.
(pdftex.def)             Requested size: 114.6262pt x 101.97919pt.
 [7 <./Lagrange.pdf>]
File: ../styles/logo_ctut.png Graphic file (type png)
 <use ../styles/logo_ctut.png>
Package pdftex.def Info: ../styles/logo_ctut.png used on input line 185.
(pdftex.def)             Requested size: 14.22636pt x 14.1276pt.

Overfull \hbox (54.85321pt too wide) in paragraph at lines 185--186
|  [][][][][][]
 []


Overfull \hbox (47.73825pt too wide) in paragraph at lines 185--186
|  $[]$ 
 []


Underfull \hbox (badness 10000) in paragraph at lines 185--186

 []

[8]
File: ../styles/logo_ctut.png Graphic file (type png)
 <use ../styles/logo_ctut.png>
Package pdftex.def Info: ../styles/logo_ctut.png used on input line 199.
(pdftex.def)             Requested size: 14.22636pt x 14.1276pt.

Overfull \hbox (54.85321pt too wide) in paragraph at lines 199--200
|  [][][][][][]
 []


Overfull \hbox (47.73825pt too wide) in paragraph at lines 199--200
|  $[]$ 
 []


Underfull \hbox (badness 10000) in paragraph at lines 199--200

 []

[9]
File: ../styles/logo_ctut.png Graphic file (type png)
 <use ../styles/logo_ctut.png>
Package pdftex.def Info: ../styles/logo_ctut.png used on input line 223.
(pdftex.def)             Requested size: 14.22636pt x 14.1276pt.

Overfull \hbox (54.85321pt too wide) in paragraph at lines 223--224
|  [][][][][][]
 []


Overfull \hbox (47.73825pt too wide) in paragraph at lines 223--224
|  $[]$ 
 []


Underfull \hbox (badness 10000) in paragraph at lines 223--224

 []

[10]
File: ../styles/logo_ctut.png Graphic file (type png)
 <use ../styles/logo_ctut.png>
Package pdftex.def Info: ../styles/logo_ctut.png used on input line 238.
(pdftex.def)             Requested size: 14.22636pt x 14.1276pt.

Overfull \hbox (54.85321pt too wide) in paragraph at lines 238--239
|  [][][][][][]
 []


Overfull \hbox (47.73825pt too wide) in paragraph at lines 238--239
|  $[]$ 
 []


Underfull \hbox (badness 10000) in paragraph at lines 238--239

 []

[11]
File: ../styles/logo_ctut.png Graphic file (type png)
 <use ../styles/logo_ctut.png>
Package pdftex.def Info: ../styles/logo_ctut.png used on input line 251.
(pdftex.def)             Requested size: 14.22636pt x 14.1276pt.

Overfull \hbox (54.85321pt too wide) in paragraph at lines 251--252
|  [][][][][][]
 []


Overfull \hbox (47.73825pt too wide) in paragraph at lines 251--252
|  $[]$ 
 []


Underfull \hbox (badness 10000) in paragraph at lines 251--252

 []

[12]
File: ../styles/logo_ctut.png Graphic file (type png)
 <use ../styles/logo_ctut.png>
Package pdftex.def Info: ../styles/logo_ctut.png used on input line 261.
(pdftex.def)             Requested size: 14.22636pt x 14.1276pt.

Overfull \hbox (54.85321pt too wide) in paragraph at lines 261--262
|  [][][][][][]
 []


Overfull \hbox (47.73825pt too wide) in paragraph at lines 261--262
|  $[]$ 
 []


Underfull \hbox (badness 10000) in paragraph at lines 261--262

 []

[13]
File: ../styles/logo_ctut.png Graphic file (type png)
 <use ../styles/logo_ctut.png>
Package pdftex.def Info: ../styles/logo_ctut.png used on input line 327.
(pdftex.def)             Requested size: 14.22636pt x 14.1276pt.

Overfull \hbox (54.85321pt too wide) in paragraph at lines 327--328
|  [][][][][][]
 []


Overfull \hbox (47.73825pt too wide) in paragraph at lines 327--328
|  $[]$ 
 []


Underfull \hbox (badness 10000) in paragraph at lines 327--328

 []

<sage-plots-for-chap2.tex/plot-3.pdf, id=117, 566.0881pt x 422.05681pt>
File: sage-plots-for-chap2.tex/plot-3.pdf Graphic file (type pdf)

<use sage-plots-for-chap2.tex/plot-3.pdf>
Package pdftex.def Info: sage-plots-for-chap2.tex/plot-3.pdf used on input line
 340.
(pdftex.def)             Requested size: 198.1338pt x 147.72209pt.
 [14 <./sage-plots-for-chap2.tex/plot-3.pdf>]
File: ../styles/logo_ctut.png Graphic file (type png)
 <use ../styles/logo_ctut.png>
Package pdftex.def Info: ../styles/logo_ctut.png used on input line 342.
(pdftex.def)             Requested size: 14.22636pt x 14.1276pt.

Overfull \hbox (54.85321pt too wide) in paragraph at lines 342--343
|  [][][][][][]
 []


Overfull \hbox (47.73825pt too wide) in paragraph at lines 342--343
|  $[]$ 
 []


Underfull \hbox (badness 10000) in paragraph at lines 342--343

 []

<sage-plots-for-chap2.tex/plot-4.pdf, id=135, 566.0881pt x 422.05681pt>
File: sage-plots-for-chap2.tex/plot-4.pdf Graphic file (type pdf)

<use sage-plots-for-chap2.tex/plot-4.pdf>
Package pdftex.def Info: sage-plots-for-chap2.tex/plot-4.pdf used on input line
 353.
(pdftex.def)             Requested size: 198.1338pt x 147.72209pt.
 [15 <./sage-plots-for-chap2.tex/plot-4.pdf>]
File: ../styles/logo_ctut.png Graphic file (type png)
 <use ../styles/logo_ctut.png>
Package pdftex.def Info: ../styles/logo_ctut.png used on input line 355.
(pdftex.def)             Requested size: 14.22636pt x 14.1276pt.

Overfull \hbox (54.85321pt too wide) in paragraph at lines 355--356
|  [][][][][][]
 []


Overfull \hbox (47.73825pt too wide) in paragraph at lines 355--356
|  $[]$ 
 []


Underfull \hbox (badness 10000) in paragraph at lines 355--356

 []

<sage-plots-for-chap2.tex/plot-5.pdf, id=153, 566.0881pt x 422.05681pt>
File: sage-plots-for-chap2.tex/plot-5.pdf Graphic file (type pdf)

<use sage-plots-for-chap2.tex/plot-5.pdf>
Package pdftex.def Info: sage-plots-for-chap2.tex/plot-5.pdf used on input line
 366.
(pdftex.def)             Requested size: 198.1338pt x 147.72209pt.
 [16 <./sage-plots-for-chap2.tex/plot-5.pdf>]
File: ../styles/logo_ctut.png Graphic file (type png)
 <use ../styles/logo_ctut.png>
Package pdftex.def Info: ../styles/logo_ctut.png used on input line 368.
(pdftex.def)             Requested size: 14.22636pt x 14.1276pt.

Overfull \hbox (54.85321pt too wide) in paragraph at lines 368--369
|  [][][][][][]
 []


Overfull \hbox (47.73825pt too wide) in paragraph at lines 368--369
|  $[]$ 
 []


Underfull \hbox (badness 10000) in paragraph at lines 368--369

 []

<sage-plots-for-chap2.tex/plot-6.pdf, id=171, 566.0881pt x 422.05681pt>
File: sage-plots-for-chap2.tex/plot-6.pdf Graphic file (type pdf)

<use sage-plots-for-chap2.tex/plot-6.pdf>
Package pdftex.def Info: sage-plots-for-chap2.tex/plot-6.pdf used on input line
 379.
(pdftex.def)             Requested size: 198.1338pt x 147.72209pt.
 [17 <./sage-plots-for-chap2.tex/plot-6.pdf>]
File: ../styles/logo_ctut.png Graphic file (type png)
 <use ../styles/logo_ctut.png>
Package pdftex.def Info: ../styles/logo_ctut.png used on input line 381.
(pdftex.def)             Requested size: 14.22636pt x 14.1276pt.

Overfull \hbox (54.85321pt too wide) in paragraph at lines 381--382
|  [][][][][][]
 []


Overfull \hbox (47.73825pt too wide) in paragraph at lines 381--382
|  $[]$ 
 []


Underfull \hbox (badness 10000) in paragraph at lines 381--382

 []

<sage-plots-for-chap2.tex/plot-7.pdf, id=189, 566.0881pt x 422.05681pt>
File: sage-plots-for-chap2.tex/plot-7.pdf Graphic file (type pdf)

<use sage-plots-for-chap2.tex/plot-7.pdf>
Package pdftex.def Info: sage-plots-for-chap2.tex/plot-7.pdf used on input line
 392.
(pdftex.def)             Requested size: 198.1338pt x 147.72209pt.
 [18 <./sage-plots-for-chap2.tex/plot-7.pdf>]
File: ../styles/logo_ctut.png Graphic file (type png)
 <use ../styles/logo_ctut.png>
Package pdftex.def Info: ../styles/logo_ctut.png used on input line 394.
(pdftex.def)             Requested size: 14.22636pt x 14.1276pt.

Overfull \hbox (54.85321pt too wide) in paragraph at lines 394--395
|  [][][][][][]
 []


Overfull \hbox (47.73825pt too wide) in paragraph at lines 394--395
|  $[]$ 
 []


Underfull \hbox (badness 10000) in paragraph at lines 394--395

 []

[19]
File: ../styles/logo_ctut.png Graphic file (type png)
 <use ../styles/logo_ctut.png>
Package pdftex.def Info: ../styles/logo_ctut.png used on input line 440.
(pdftex.def)             Requested size: 14.22636pt x 14.1276pt.

Overfull \hbox (54.85321pt too wide) in paragraph at lines 440--441
|  [][][][][][]
 []


Overfull \hbox (47.73825pt too wide) in paragraph at lines 440--441
|  $[]$ 
 []


Underfull \hbox (badness 10000) in paragraph at lines 440--441

 []

[20]
File: ../styles/logo_ctut.png Graphic file (type png)
 <use ../styles/logo_ctut.png>
Package pdftex.def Info: ../styles/logo_ctut.png used on input line 458.
(pdftex.def)             Requested size: 14.22636pt x 14.1276pt.

Overfull \hbox (54.85321pt too wide) in paragraph at lines 458--459
|  [][][][][][]
 []


Overfull \hbox (47.73825pt too wide) in paragraph at lines 458--459
|  $[]$ 
 []


Underfull \hbox (badness 10000) in paragraph at lines 458--459

 []

<sage-plots-for-chap2.tex/plot-8.pdf, id=214, 422.05681pt x 422.05681pt>
File: sage-plots-for-chap2.tex/plot-8.pdf Graphic file (type pdf)

<use sage-plots-for-chap2.tex/plot-8.pdf>
Package pdftex.def Info: sage-plots-for-chap2.tex/plot-8.pdf used on input line
 490.
(pdftex.def)             Requested size: 126.61801pt x 126.61801pt.
 [21 <./sage-plots-for-chap2.tex/plot-8.pdf>]
File: ../styles/logo_ctut.png Graphic file (type png)
 <use ../styles/logo_ctut.png>
Package pdftex.def Info: ../styles/logo_ctut.png used on input line 495.
(pdftex.def)             Requested size: 14.22636pt x 14.1276pt.

Overfull \hbox (54.85321pt too wide) in paragraph at lines 495--496
|  [][][][][][]
 []


Overfull \hbox (47.73825pt too wide) in paragraph at lines 495--496
|  $[]$ 
 []


Underfull \hbox (badness 10000) in paragraph at lines 495--496

 []

[22]
File: ../styles/logo_ctut.png Graphic file (type png)
 <use ../styles/logo_ctut.png>
Package pdftex.def Info: ../styles/logo_ctut.png used on input line 511.
(pdftex.def)             Requested size: 14.22636pt x 14.1276pt.

Overfull \hbox (54.85321pt too wide) in paragraph at lines 511--512
|  [][][][][][]
 []


Overfull \hbox (47.73825pt too wide) in paragraph at lines 511--512
|  $[]$ 
 []


Underfull \hbox (badness 10000) in paragraph at lines 511--512

 []

[23]
File: ../styles/logo_ctut.png Graphic file (type png)
 <use ../styles/logo_ctut.png>
Package pdftex.def Info: ../styles/logo_ctut.png used on input line 533.
(pdftex.def)             Requested size: 14.22636pt x 14.1276pt.

Overfull \hbox (54.85321pt too wide) in paragraph at lines 533--534
|  [][][][][][]
 []


Overfull \hbox (47.73825pt too wide) in paragraph at lines 533--534
|  $[]$ 
 []


Underfull \hbox (badness 10000) in paragraph at lines 533--534

 []

[24]
File: ../styles/logo_ctut.png Graphic file (type png)
 <use ../styles/logo_ctut.png>
Package pdftex.def Info: ../styles/logo_ctut.png used on input line 549.
(pdftex.def)             Requested size: 14.22636pt x 14.1276pt.

Overfull \hbox (54.85321pt too wide) in paragraph at lines 549--550
|  [][][][][][]
 []


Overfull \hbox (47.73825pt too wide) in paragraph at lines 549--550
|  $[]$ 
 []


Underfull \hbox (badness 10000) in paragraph at lines 549--550

 []

[25]
File: ../styles/logo_ctut.png Graphic file (type png)
 <use ../styles/logo_ctut.png>
Package pdftex.def Info: ../styles/logo_ctut.png used on input line 558.
(pdftex.def)             Requested size: 14.22636pt x 14.1276pt.

Overfull \hbox (54.85321pt too wide) in paragraph at lines 558--559
|  [][][][][][]
 []


Overfull \hbox (47.73825pt too wide) in paragraph at lines 558--559
|  $[]$ 
 []


Underfull \hbox (badness 10000) in paragraph at lines 558--559

 []

<sage-plots-for-chap2.tex/plot-9.pdf, id=245, 566.59679pt x 422.05681pt>
File: sage-plots-for-chap2.tex/plot-9.pdf Graphic file (type pdf)

<use sage-plots-for-chap2.tex/plot-9.pdf>
Package pdftex.def Info: sage-plots-for-chap2.tex/plot-9.pdf used on input line
 562.
(pdftex.def)             Requested size: 226.63469pt x 168.81972pt.
 [26 <./sage-plots-for-chap2.tex/plot-9.pdf>]
File: ../styles/logo_ctut.png Graphic file (type png)
 <use ../styles/logo_ctut.png>
Package pdftex.def Info: ../styles/logo_ctut.png used on input line 564.
(pdftex.def)             Requested size: 14.22636pt x 14.1276pt.

Overfull \hbox (54.85321pt too wide) in paragraph at lines 564--565
|  [][][][][][]
 []


Overfull \hbox (47.73825pt too wide) in paragraph at lines 564--565
|  $[]$ 
 []


Underfull \hbox (badness 10000) in paragraph at lines 564--565

 []

[27]
File: ../styles/logo_ctut.png Graphic file (type png)
 <use ../styles/logo_ctut.png>
Package pdftex.def Info: ../styles/logo_ctut.png used on input line 596.
(pdftex.def)             Requested size: 14.22636pt x 14.1276pt.

Overfull \hbox (54.85321pt too wide) in paragraph at lines 596--597
|  [][][][][][]
 []


Overfull \hbox (47.73825pt too wide) in paragraph at lines 596--597
|  $[]$ 
 []


Underfull \hbox (badness 10000) in paragraph at lines 596--597

 []

<sage-plots-for-chap2.tex/plot-10.pdf, id=267, 566.59679pt x 422.05681pt>
File: sage-plots-for-chap2.tex/plot-10.pdf Graphic file (type pdf)

<use sage-plots-for-chap2.tex/plot-10.pdf>
Package pdftex.def Info: sage-plots-for-chap2.tex/plot-10.pdf used on input lin
e 604.
(pdftex.def)             Requested size: 226.63469pt x 168.81972pt.
 [28 <./sage-plots-for-chap2.tex/plot-10.pdf>]
File: ../styles/logo_ctut.png Graphic file (type png)
 <use ../styles/logo_ctut.png>
Package pdftex.def Info: ../styles/logo_ctut.png used on input line 606.
(pdftex.def)             Requested size: 14.22636pt x 14.1276pt.

Overfull \hbox (54.85321pt too wide) in paragraph at lines 606--607
|  [][][][][][]
 []


Overfull \hbox (47.73825pt too wide) in paragraph at lines 606--607
|  $[]$ 
 []


Underfull \hbox (badness 10000) in paragraph at lines 606--607

 []

[29]
File: ../styles/logo_ctut.png Graphic file (type png)
 <use ../styles/logo_ctut.png>
Package pdftex.def Info: ../styles/logo_ctut.png used on input line 640.
(pdftex.def)             Requested size: 14.22636pt x 14.1276pt.

Overfull \hbox (54.85321pt too wide) in paragraph at lines 640--641
|  [][][][][][]
 []


Overfull \hbox (47.73825pt too wide) in paragraph at lines 640--641
|  $[]$ 
 []


Underfull \hbox (badness 10000) in paragraph at lines 640--641

 []

[30]
File: ../styles/logo_ctut.png Graphic file (type png)
 <use ../styles/logo_ctut.png>
Package pdftex.def Info: ../styles/logo_ctut.png used on input line 652.
(pdftex.def)             Requested size: 14.22636pt x 14.1276pt.

Overfull \hbox (54.85321pt too wide) in paragraph at lines 652--653
|  [][][][][][]
 []


Overfull \hbox (47.73825pt too wide) in paragraph at lines 652--653
|  $[]$ 
 []


Underfull \hbox (badness 10000) in paragraph at lines 652--653

 []

<sage-plots-for-chap2.tex/plot-11.pdf, id=288, 249.66432pt x 422.05681pt>
File: sage-plots-for-chap2.tex/plot-11.pdf Graphic file (type pdf)

<use sage-plots-for-chap2.tex/plot-11.pdf>
Package pdftex.def Info: sage-plots-for-chap2.tex/plot-11.pdf used on input lin
e 677.
(pdftex.def)             Requested size: 87.38382pt x 147.72209pt.
 [31 <./sage-plots-for-chap2.tex/plot-11.pdf>]
File: ../styles/logo_ctut.png Graphic file (type png)
 <use ../styles/logo_ctut.png>
Package pdftex.def Info: ../styles/logo_ctut.png used on input line 689.
(pdftex.def)             Requested size: 14.22636pt x 14.1276pt.

Overfull \hbox (54.85321pt too wide) in paragraph at lines 689--690
|  [][][][][][]
 []


Overfull \hbox (47.73825pt too wide) in paragraph at lines 689--690
|  $[]$ 
 []


Underfull \hbox (badness 10000) in paragraph at lines 689--690

 []

[32]
File: ../styles/logo_ctut.png Graphic file (type png)
 <use ../styles/logo_ctut.png>
Package pdftex.def Info: ../styles/logo_ctut.png used on input line 706.
(pdftex.def)             Requested size: 14.22636pt x 14.1276pt.

Overfull \hbox (54.85321pt too wide) in paragraph at lines 706--707
|  [][][][][][]
 []


Overfull \hbox (47.73825pt too wide) in paragraph at lines 706--707
|  $[]$ 
 []


Underfull \hbox (badness 10000) in paragraph at lines 706--707

 []

[33]
File: ../styles/logo_ctut.png Graphic file (type png)
 <use ../styles/logo_ctut.png>
Package pdftex.def Info: ../styles/logo_ctut.png used on input line 724.
(pdftex.def)             Requested size: 14.22636pt x 14.1276pt.

Overfull \hbox (54.85321pt too wide) in paragraph at lines 724--725
|  [][][][][][]
 []


Overfull \hbox (47.73825pt too wide) in paragraph at lines 724--725
|  $[]$ 
 []


Underfull \hbox (badness 10000) in paragraph at lines 724--725

 []

[34]
File: ../styles/logo_ctut.png Graphic file (type png)
 <use ../styles/logo_ctut.png>
Package pdftex.def Info: ../styles/logo_ctut.png used on input line 747.
(pdftex.def)             Requested size: 14.22636pt x 14.1276pt.

Overfull \hbox (54.85321pt too wide) in paragraph at lines 747--748
|  [][][][][][]
 []


Overfull \hbox (47.73825pt too wide) in paragraph at lines 747--748
|  $[]$ 
 []


Underfull \hbox (badness 10000) in paragraph at lines 747--748

 []

<sage-plots-for-chap2.tex/plot-12.pdf, id=317, 564.83127pt x 422.05681pt>
File: sage-plots-for-chap2.tex/plot-12.pdf Graphic file (type pdf)

<use sage-plots-for-chap2.tex/plot-12.pdf>
Package pdftex.def Info: sage-plots-for-chap2.tex/plot-12.pdf used on input lin
e 792.
(pdftex.def)             Requested size: 225.9285pt x 168.81972pt.
 [35 <./sage-plots-for-chap2.tex/plot-12.pdf>]
File: ../styles/logo_ctut.png Graphic file (type png)
 <use ../styles/logo_ctut.png>
Package pdftex.def Info: ../styles/logo_ctut.png used on input line 794.
(pdftex.def)             Requested size: 14.22636pt x 14.1276pt.

Overfull \hbox (54.85321pt too wide) in paragraph at lines 794--795
|  [][][][][][]
 []


Overfull \hbox (47.73825pt too wide) in paragraph at lines 794--795
|  $[]$ 
 []


Underfull \hbox (badness 10000) in paragraph at lines 794--795

 []

[36]
File: ../styles/logo_ctut.png Graphic file (type png)
 <use ../styles/logo_ctut.png>
Package pdftex.def Info: ../styles/logo_ctut.png used on input line 801.
(pdftex.def)             Requested size: 14.22636pt x 14.1276pt.

Overfull \hbox (54.85321pt too wide) in paragraph at lines 801--802
|  [][][][][][]
 []


Overfull \hbox (47.73825pt too wide) in paragraph at lines 801--802
|  $[]$ 
 []


Underfull \hbox (badness 10000) in paragraph at lines 801--802

 []

<sage-plots-for-chap2.tex/plot-13.pdf, id=339, 566.59679pt x 422.05681pt>
File: sage-plots-for-chap2.tex/plot-13.pdf Graphic file (type pdf)

<use sage-plots-for-chap2.tex/plot-13.pdf>
Package pdftex.def Info: sage-plots-for-chap2.tex/plot-13.pdf used on input lin
e 847.
(pdftex.def)             Requested size: 226.63469pt x 168.81972pt.
 [37 <./sage-plots-for-chap2.tex/plot-13.pdf>]
File: ../styles/logo_ctut.png Graphic file (type png)
 <use ../styles/logo_ctut.png>
Package pdftex.def Info: ../styles/logo_ctut.png used on input line 849.
(pdftex.def)             Requested size: 14.22636pt x 14.1276pt.

Overfull \hbox (54.85321pt too wide) in paragraph at lines 849--850
|  [][][][][][]
 []


Overfull \hbox (47.73825pt too wide) in paragraph at lines 849--850
|  $[]$ 
 []


Underfull \hbox (badness 10000) in paragraph at lines 849--850

 []

[38]
File: ../styles/logo_ctut.png Graphic file (type png)
 <use ../styles/logo_ctut.png>
Package pdftex.def Info: ../styles/logo_ctut.png used on input line 897.
(pdftex.def)             Requested size: 14.22636pt x 14.1276pt.

Overfull \hbox (54.85321pt too wide) in paragraph at lines 897--898
|  [][][][][][]
 []


Overfull \hbox (47.73825pt too wide) in paragraph at lines 897--898
|  $[]$ 
 []


Underfull \hbox (badness 10000) in paragraph at lines 897--898

 []

[39]
File: ../styles/logo_ctut.png Graphic file (type png)
 <use ../styles/logo_ctut.png>
Package pdftex.def Info: ../styles/logo_ctut.png used on input line 910.
(pdftex.def)             Requested size: 14.22636pt x 14.1276pt.

Overfull \hbox (54.85321pt too wide) in paragraph at lines 910--911
|  [][][][][][]
 []


Overfull \hbox (47.73825pt too wide) in paragraph at lines 910--911
|  $[]$ 
 []


Underfull \hbox (badness 10000) in paragraph at lines 910--911

 []

[40]
File: ../styles/logo_ctut.png Graphic file (type png)
 <use ../styles/logo_ctut.png>
Package pdftex.def Info: ../styles/logo_ctut.png used on input line 924.
(pdftex.def)             Requested size: 14.22636pt x 14.1276pt.

Overfull \hbox (54.85321pt too wide) in paragraph at lines 924--925
|  [][][][][][]
 []


Overfull \hbox (47.73825pt too wide) in paragraph at lines 924--925
|  $[]$ 
 []


Underfull \hbox (badness 10000) in paragraph at lines 924--925

 []

[41]
File: ../styles/logo_ctut.png Graphic file (type png)
 <use ../styles/logo_ctut.png>
Package pdftex.def Info: ../styles/logo_ctut.png used on input line 942.
(pdftex.def)             Requested size: 14.22636pt x 14.1276pt.

Overfull \hbox (54.85321pt too wide) in paragraph at lines 942--943
|  [][][][][][]
 []


Overfull \hbox (47.73825pt too wide) in paragraph at lines 942--943
|  $[]$ 
 []


Underfull \hbox (badness 10000) in paragraph at lines 942--943

 []

[42]
File: ../styles/logo_ctut.png Graphic file (type png)
 <use ../styles/logo_ctut.png>
Package pdftex.def Info: ../styles/logo_ctut.png used on input line 952.
(pdftex.def)             Requested size: 14.22636pt x 14.1276pt.

Overfull \hbox (54.85321pt too wide) in paragraph at lines 952--953
|  [][][][][][]
 []


Overfull \hbox (47.73825pt too wide) in paragraph at lines 952--953
|  $[]$ 
 []


Underfull \hbox (badness 10000) in paragraph at lines 952--953

 []

<sage-plots-for-chap2.tex/plot-14.pdf, id=372, 345.6777pt x 422.05681pt>
File: sage-plots-for-chap2.tex/plot-14.pdf Graphic file (type pdf)

<use sage-plots-for-chap2.tex/plot-14.pdf>
Package pdftex.def Info: sage-plots-for-chap2.tex/plot-14.pdf used on input lin
e 1013.
(pdftex.def)             Requested size: 120.989pt x 147.72209pt.
 [43 <./sage-plots-for-chap2.tex/plot-14.pdf>]
File: ../styles/logo_ctut.png Graphic file (type png)
 <use ../styles/logo_ctut.png>
Package pdftex.def Info: ../styles/logo_ctut.png used on input line 1015.
(pdftex.def)             Requested size: 14.22636pt x 14.1276pt.

Overfull \hbox (54.85321pt too wide) in paragraph at lines 1015--1016
|  [][][][][][]
 []


Overfull \hbox (47.73825pt too wide) in paragraph at lines 1015--1016
|  $[]$ 
 []


Underfull \hbox (badness 10000) in paragraph at lines 1015--1016

 []

[44]
File: ../styles/logo_ctut.png Graphic file (type png)
 <use ../styles/logo_ctut.png>
Package pdftex.def Info: ../styles/logo_ctut.png used on input line 1047.
(pdftex.def)             Requested size: 14.22636pt x 14.1276pt.

Overfull \hbox (54.85321pt too wide) in paragraph at lines 1047--1048
|  [][][][][][]
 []


Overfull \hbox (47.73825pt too wide) in paragraph at lines 1047--1048
|  $[]$ 
 []


Underfull \hbox (badness 10000) in paragraph at lines 1047--1048

 []

<sage-plots-for-chap2.tex/plot-15.pdf, id=397, 566.59679pt x 422.05681pt>
File: sage-plots-for-chap2.tex/plot-15.pdf Graphic file (type pdf)

<use sage-plots-for-chap2.tex/plot-15.pdf>
Package pdftex.def Info: sage-plots-for-chap2.tex/plot-15.pdf used on input lin
e 1079.
(pdftex.def)             Requested size: 226.63469pt x 168.81972pt.
 [45 <./sage-plots-for-chap2.tex/plot-15.pdf>]
File: ../styles/logo_ctut.png Graphic file (type png)
 <use ../styles/logo_ctut.png>
Package pdftex.def Info: ../styles/logo_ctut.png used on input line 1081.
(pdftex.def)             Requested size: 14.22636pt x 14.1276pt.

Overfull \hbox (54.85321pt too wide) in paragraph at lines 1081--1082
|  [][][][][][]
 []


Overfull \hbox (47.73825pt too wide) in paragraph at lines 1081--1082
|  $[]$ 
 []


Underfull \hbox (badness 10000) in paragraph at lines 1081--1082

 []

[46]
File: ../styles/logo_ctut.png Graphic file (type png)
 <use ../styles/logo_ctut.png>
Package pdftex.def Info: ../styles/logo_ctut.png used on input line 1087.
(pdftex.def)             Requested size: 14.22636pt x 14.1276pt.

Overfull \hbox (54.85321pt too wide) in paragraph at lines 1087--1088
|  [][][][][][]
 []


Overfull \hbox (47.73825pt too wide) in paragraph at lines 1087--1088
|  $[]$ 
 []


Underfull \hbox (badness 10000) in paragraph at lines 1087--1088

 []

*********************************************************************
[47] (./chap2.aux)

LaTeX Font Warning: Some font shapes were not available, defaults substituted.

 ) 
Here is how much of TeX's memory you used:
 5842 strings out of 493304
 78336 string characters out of 6139871
 154300 words of memory out of 5000000
 9150 multiletter control sequences out of 15000+600000
 19039 words of font info for 46 fonts, out of 8000000 for 9000
 957 hyphenation exceptions out of 8191
 38i,19n,34p,743b,281s stack positions out of 5000i,500n,10000p,200000b,80000s
</usr/share/texlive/texmf-dist/fonts/type1/public/amsfonts/cm/cmbx12.pfb></us
r/share/texlive/texmf-dist/fonts/type1/public/amsfonts/cm/cmbx8.pfb></usr/share
/texlive/texmf-dist/fonts/type1/public/amsfonts/cm/cmex10.pfb></usr/share/texli
ve/texmf-dist/fonts/type1/public/amsfonts/cm/cmmi12.pfb></usr/share/texlive/tex
mf-dist/fonts/type1/public/amsfonts/cm/cmmi6.pfb></usr/share/texlive/texmf-dist
/fonts/type1/public/amsfonts/cm/cmmi8.pfb></usr/share/texlive/texmf-dist/fonts/
type1/public/amsfonts/cm/cmr12.pfb></usr/share/texlive/texmf-dist/fonts/type1/p
ublic/amsfonts/cm/cmr6.pfb></usr/share/texlive/texmf-dist/fonts/type1/public/am
sfonts/cm/cmr8.pfb></usr/share/texlive/texmf-dist/fonts/type1/public/amsfonts/c
m/cmsy10.pfb></usr/share/texlive/texmf-dist/fonts/type1/public/amsfonts/cm/cmsy
6.pfb></usr/share/texlive/texmf-dist/fonts/type1/public/amsfonts/cm/cmsy8.pfb><
/usr/share/texlive/texmf-dist/fonts/type1/public/amsfonts/symbols/msam10.pfb></
usr/share/texlive/texmf-dist/fonts/type1/public/amsfonts/symbols/msbm10.pfb></u
sr/share/texlive/texmf-dist/fonts/type1/vntex/vnr/vnss10.pfb></usr/share/texliv
e/texmf-dist/fonts/type1/vntex/vnr/vnss12.pfb></usr/share/texlive/texmf-dist/fo
nts/type1/vntex/vnr/vnss8.pfb></usr/share/texlive/texmf-dist/fonts/type1/vntex/
vnr/vnssbx10.pfb></usr/share/texlive/texmf-dist/fonts/type1/vntex/vnr/vnssi12.p
fb>
Output written on chap2.pdf (47 pages, 1106058 bytes).
PDF statistics:
 483 PDF objects out of 1000 (max. 8388607)
 265 compressed objects within 3 object streams
 0 named destinations out of 1000 (max. 500000)
 91 words of extra memory for PDF output out of 10000 (max. 10000000)

